"C:\Program Files\RedHat\java-11-openjdk-11.0.8-2\bin\java.exe" -agentlib:jdwp=transport=dt_socket,address=127.0.0.1:58223,suspend=y,server=n -javaagent:C:\Users\sbhat\AppData\Local\JetBrains\IdeaIC2020.3\captureAgent\debugger-agent.jar -Dfile.encoding=UTF-8 -classpath "C:\Users\sbhat\Products\OnlineBookStore\target\classes;C:\Users\sbhat\.m2\repository\org\springframework\boot\spring-boot-starter\2.4.4\spring-boot-starter-2.4.4.jar;C:\Users\sbhat\.m2\repository\org\springframework\boot\spring-boot\2.4.4\spring-boot-2.4.4.jar;C:\Users\sbhat\.m2\repository\org\springframework\spring-context\5.3.5\spring-context-5.3.5.jar;C:\Users\sbhat\.m2\repository\org\springframework\spring-aop\5.3.5\spring-aop-5.3.5.jar;C:\Users\sbhat\.m2\repository\org\springframework\spring-beans\5.3.5\spring-beans-5.3.5.jar;C:\Users\sbhat\.m2\repository\org\springframework\spring-expression\5.3.5\spring-expression-5.3.5.jar;C:\Users\sbhat\.m2\repository\org\springframework\boot\spring-boot-autoconfigure\2.4.4\spring-boot-autoconfigure-2.4.4.jar;C:\Users\sbhat\.m2\repository\org\springframework\boot\spring-boot-starter-logging\2.4.4\spring-boot-starter-logging-2.4.4.jar;C:\Users\sbhat\.m2\repository\ch\qos\logback\logback-classic\1.2.3\logback-classic-1.2.3.jar;C:\Users\sbhat\.m2\repository\ch\qos\logback\logback-core\1.2.3\logback-core-1.2.3.jar;C:\Users\sbhat\.m2\repository\org\apache\logging\log4j\log4j-to-slf4j\2.13.3\log4j-to-slf4j-2.13.3.jar;C:\Users\sbhat\.m2\repository\org\apache\logging\log4j\log4j-api\2.13.3\log4j-api-2.13.3.jar;C:\Users\sbhat\.m2\repository\org\slf4j\jul-to-slf4j\1.7.30\jul-to-slf4j-1.7.30.jar;C:\Users\sbhat\.m2\repository\jakarta\annotation\jakarta.annotation-api\1.3.5\jakarta.annotation-api-1.3.5.jar;C:\Users\sbhat\.m2\repository\org\springframework\spring-core\5.3.5\spring-core-5.3.5.jar;C:\Users\sbhat\.m2\repository\org\springframework\spring-jcl\5.3.5\spring-jcl-5.3.5.jar;C:\Users\sbhat\.m2\repository\org\yaml\snakeyaml\1.27\snakeyaml-1.27.jar;C:\Users\sbhat\.m2\repository\org\projectlombok\lombok\1.18.18\lombok-1.18.18.jar;C:\Users\sbhat\.m2\repository\com\fasterxml\jackson\core\jackson-core\2.9.6\jackson-core-2.9.6.jar;C:\Users\sbhat\.m2\repository\com\fasterxml\jackson\core\jackson-annotations\2.9.6\jackson-annotations-2.9.6.jar;C:\Users\sbhat\.m2\repository\com\fasterxml\jackson\core\jackson-databind\2.9.6\jackson-databind-2.9.6.jar;C:\Users\sbhat\.m2\repository\org\slf4j\slf4j-api\1.7.30\slf4j-api-1.7.30.jar;C:\Program Files\JetBrains\IntelliJ IDEA Community Edition 2020.2.3\lib\idea_rt.jar" com.insight.onlinebookstore.OnlineBookStoreApplication
Connected to the target VM, address: '127.0.0.1:58223', transport: 'socket'
07:54:00.674 [main] INFO com.insight.onlinebookstore.OnlineBookStoreApplication - STARTING ONLINE BOOK STORE

  .   ____          _            __ _ _
 /\\ / ___'_ __ _ _(_)_ __  __ _ \ \ \ \
( ( )\___ | '_ | '_| | '_ \/ _` | \ \ \ \
 \\/  ___)| |_)| | | | | || (_| |  ) ) ) )
  '  |____| .__|_| |_|_| |_\__, | / / / /
 =========|_|==============|___/=/_/_/_/
 :: Spring Boot ::                (v2.4.4)

2021-03-23 07:54:01.222  INFO 38888 --- [           main] c.i.o.OnlineBookStoreApplication         : Starting OnlineBookStoreApplication using Java 11.0.8 on DESKTOP-3LRVIL8 with PID 38888 (C:\Users\sbhat\Products\OnlineBookStore\target\classes started by sbhat in C:\Users\sbhat\Products\OnlineBookStore)
2021-03-23 07:54:01.225  INFO 38888 --- [           main] c.i.o.OnlineBookStoreApplication         : No active profile set, falling back to default profiles: default
2021-03-23 07:54:01.802  INFO 38888 --- [           main] c.i.o.OnlineBookStoreApplication         : Started OnlineBookStoreApplication in 1.016 seconds (JVM running for 1.587)
Choice     	Title            		Price(AU$)
1        	Unsolved murders		10.99
2        	Alice in Wonderland		5.99
3        	A Little Love Story		2.4
4        	Heresy		6.8
5        	The Neverending Story		7.99
6        	Jack the Ripper		16.0
7        	The Tolkien Years		22.9
[99 - Checkout, 100 - Quit]
Please make a choice:
1
Choice     	Title            		Price(AU$)
1        	Unsolved murders		10.99
2        	Alice in Wonderland		5.99
3        	A Little Love Story		2.4
4        	Heresy		6.8
5        	The Neverending Story		7.99
6        	Jack the Ripper		16.0
7        	The Tolkien Years		22.9
[99 - Checkout, 100 - Quit]
Please make a choice:
3
Choice     	Title            		Price(AU$)
1        	Unsolved murders		10.99
2        	Alice in Wonderland		5.99
3        	A Little Love Story		2.4
4        	Heresy		6.8
5        	The Neverending Story		7.99
6        	Jack the Ripper		16.0
7        	The Tolkien Years		22.9
[99 - Checkout, 100 - Quit]
Please make a choice:
4
Choice     	Title            		Price(AU$)
1        	Unsolved murders		10.99
2        	Alice in Wonderland		5.99
3        	A Little Love Story		2.4
4        	Heresy		6.8
5        	The Neverending Story		7.99
6        	Jack the Ripper		16.0
7        	The Tolkien Years		22.9
[99 - Checkout, 100 - Quit]
Please make a choice:
6
Choice     	Title            		Price(AU$)
1        	Unsolved murders		10.99
2        	Alice in Wonderland		5.99
3        	A Little Love Story		2.4
4        	Heresy		6.8
5        	The Neverending Story		7.99
6        	Jack the Ripper		16.0
7        	The Tolkien Years		22.9
[99 - Checkout, 100 - Quit]
Please make a choice:
7
Choice     	Title            		Price(AU$)
1        	Unsolved murders		10.99
2        	Alice in Wonderland		5.99
3        	A Little Love Story		2.4
4        	Heresy		6.8
5        	The Neverending Story		7.99
6        	Jack the Ripper		16.0
7        	The Tolkien Years		22.9
[99 - Checkout, 100 - Quit]
Please make a choice:
99
Total Price (with GST): AU$ 63.51
Total Price (without GST): AU$ 57.74
2021-03-23 07:54:50.795  INFO 38888 --- [           main] c.i.o.OnlineBookStoreApplication         : ONLINE BOOK STORE finished
Disconnected from the target VM, address: '127.0.0.1:58223', transport: 'socket'

Process finished with exit code 0
